d:\all-work\parallel\project-rotate-496\libwb-master-build\wb.dir\debug\wb.pdb
d:\all-work\parallel\project-rotate-496\libwb-master-build\wb.dir\debug\json11.obj
d:\all-work\parallel\project-rotate-496\libwb-master-build\wb.dir\debug\wbutils.obj
d:\all-work\parallel\project-rotate-496\libwb-master-build\wb.dir\debug\wbtimer.obj
d:\all-work\parallel\project-rotate-496\libwb-master-build\wb.dir\debug\wbsparse.obj
d:\all-work\parallel\project-rotate-496\libwb-master-build\wb.dir\debug\wbsolution.obj
d:\all-work\parallel\project-rotate-496\libwb-master-build\wb.dir\debug\wbpath.obj
d:\all-work\parallel\project-rotate-496\libwb-master-build\wb.dir\debug\wbppm.obj
d:\all-work\parallel\project-rotate-496\libwb-master-build\wb.dir\debug\wbmpi.obj
d:\all-work\parallel\project-rotate-496\libwb-master-build\wb.dir\debug\wblogger.obj
d:\all-work\parallel\project-rotate-496\libwb-master-build\wb.dir\debug\wbinit.obj
d:\all-work\parallel\project-rotate-496\libwb-master-build\wb.dir\debug\wbimport.obj
d:\all-work\parallel\project-rotate-496\libwb-master-build\wb.dir\debug\wbimage.obj
d:\all-work\parallel\project-rotate-496\libwb-master-build\wb.dir\debug\wbfile.obj
d:\all-work\parallel\project-rotate-496\libwb-master-build\wb.dir\debug\wbexport.obj
d:\all-work\parallel\project-rotate-496\libwb-master-build\wb.dir\debug\wbexit.obj
d:\all-work\parallel\project-rotate-496\libwb-master-build\wb.dir\debug\wbdirectory.obj
d:\all-work\parallel\project-rotate-496\libwb-master-build\wb.dir\debug\wbdataset.obj
d:\all-work\parallel\project-rotate-496\libwb-master-build\wb.dir\debug\wbcuda.obj
d:\all-work\parallel\project-rotate-496\libwb-master-build\wb.dir\debug\wbarg.obj
d:\all-work\parallel\project-rotate-496\libwb-master-build\cmakefiles\generate.stamp
d:\all-work\parallel\project-rotate-496\libwb-master-build\debug\wb.lib
d:\all-work\parallel\project-rotate-496\libwb-master-build\debug\wb.pdb
d:\all-work\parallel\project-rotate-496\libwb-master-build\wb.dir\debug\wb.tlog\cl.command.1.tlog
d:\all-work\parallel\project-rotate-496\libwb-master-build\wb.dir\debug\wb.tlog\cl.read.1.tlog
d:\all-work\parallel\project-rotate-496\libwb-master-build\wb.dir\debug\wb.tlog\cl.write.1.tlog
d:\all-work\parallel\project-rotate-496\libwb-master-build\wb.dir\debug\wb.tlog\custombuild.command.1.tlog
d:\all-work\parallel\project-rotate-496\libwb-master-build\wb.dir\debug\wb.tlog\custombuild.read.1.tlog
d:\all-work\parallel\project-rotate-496\libwb-master-build\wb.dir\debug\wb.tlog\custombuild.write.1.tlog
d:\all-work\parallel\project-rotate-496\libwb-master-build\wb.dir\debug\wb.tlog\lib-link.read.1.tlog
d:\all-work\parallel\project-rotate-496\libwb-master-build\wb.dir\debug\wb.tlog\lib-link.write.1.tlog
d:\all-work\parallel\project-rotate-496\libwb-master-build\wb.dir\debug\wb.tlog\lib.command.1.tlog
